Using pre-set license
Built from '2022.3/staging' branch; Version is '2022.3.31f1 (4ede2d13e8b4) revision 5168685'; Using compiler version '192829333'; Build Type 'Release'
OS: 'Windows 11  (10.0.22631) 64bit Professional' Language: 'tr' Physical Memory: 32581 MB
BatchMode: 1, IsHumanControllingUs: 0, StartBugReporterOnCrash: 0, Is64bit: 1, IsPro: 1

COMMAND LINE ARGUMENTS:
C:\Program Files\Unity\Hub\Editor\2022.3.31f1-x86_64\Editor\Unity.exe
-adb2
-batchMode
-noUpm
-name
AssetImportWorker6
-projectPath
C:/Users/FARK/Desktop/SixPawns/myDemoCaseG/GameDevelopmentChallenge
-logFile
Logs/AssetImportWorker6.log
-srvPort
52158
Successfully changed project path to: C:/Users/FARK/Desktop/SixPawns/myDemoCaseG/GameDevelopmentChallenge
C:/Users/FARK/Desktop/SixPawns/myDemoCaseG/GameDevelopmentChallenge
[UnityMemory] Configuration Parameters - Can be set up in boot.config
    "memorysetup-bucket-allocator-granularity=16"
    "memorysetup-bucket-allocator-bucket-count=8"
    "memorysetup-bucket-allocator-block-size=33554432"
    "memorysetup-bucket-allocator-block-count=8"
    "memorysetup-main-allocator-block-size=16777216"
    "memorysetup-thread-allocator-block-size=16777216"
    "memorysetup-gfx-main-allocator-block-size=16777216"
    "memorysetup-gfx-thread-allocator-block-size=16777216"
    "memorysetup-cache-allocator-block-size=4194304"
    "memorysetup-typetree-allocator-block-size=2097152"
    "memorysetup-profiler-bucket-allocator-granularity=16"
    "memorysetup-profiler-bucket-allocator-bucket-count=8"
    "memorysetup-profiler-bucket-allocator-block-size=33554432"
    "memorysetup-profiler-bucket-allocator-block-count=8"
    "memorysetup-profiler-allocator-block-size=16777216"
    "memorysetup-profiler-editor-allocator-block-size=1048576"
    "memorysetup-temp-allocator-size-main=16777216"
    "memorysetup-job-temp-allocator-block-size=2097152"
    "memorysetup-job-temp-allocator-block-size-background=1048576"
    "memorysetup-job-temp-allocator-reduction-small-platforms=262144"
    "memorysetup-allocator-temp-initial-block-size-main=262144"
    "memorysetup-allocator-temp-initial-block-size-worker=262144"
    "memorysetup-temp-allocator-size-background-worker=32768"
    "memorysetup-temp-allocator-size-job-worker=262144"
    "memorysetup-temp-allocator-size-preload-manager=33554432"
    "memorysetup-temp-allocator-size-nav-mesh-worker=65536"
    "memorysetup-temp-allocator-size-audio-worker=65536"
    "memorysetup-temp-allocator-size-cloud-worker=32768"
    "memorysetup-temp-allocator-size-gi-baking-worker=262144"
    "memorysetup-temp-allocator-size-gfx=262144"
Player connection [33472] Host "[IP] 192.168.1.120 [Port] 0 [Flags] 2 [Guid] 3822965425 [EditorId] 3822965425 [Version] 1048832 [Id] WindowsEditor(7,MertPc) [Debug] 1 [PackageName] WindowsEditor [ProjectName] Editor" joined multi-casting on [225.0.0.222:54997]...

Player connection [33472] Host "[IP] 192.168.1.120 [Port] 0 [Flags] 2 [Guid] 3822965425 [EditorId] 3822965425 [Version] 1048832 [Id] WindowsEditor(7,MertPc) [Debug] 1 [PackageName] WindowsEditor [ProjectName] Editor" joined alternative multi-casting on [225.0.0.222:34997]...

[PhysX] Initialized MultithreadedTaskDispatcher with 16 workers.
Refreshing native plugins compatible for Editor in 27.51 ms, found 3 plugins.
Preloading 0 native plugins for Editor in 0.00 ms.
Initialize engine version: 2022.3.31f1 (4ede2d13e8b4)
[Subsystems] Discovering subsystems at path C:/Program Files/Unity/Hub/Editor/2022.3.31f1-x86_64/Editor/Data/Resources/UnitySubsystems
[Subsystems] Discovering subsystems at path C:/Users/FARK/Desktop/SixPawns/myDemoCaseG/GameDevelopmentChallenge/Assets
GfxDevice: creating device client; threaded=0; jobified=0
Direct3D:
    Version:  Direct3D 11.0 [level 11.1]
    Renderer: NVIDIA GeForce RTX 4070 (ID=0x2786)
    Vendor:   NVIDIA
    VRAM:     12026 MB
    Driver:   31.0.15.4633
Initialize mono
Mono path[0] = 'C:/Program Files/Unity/Hub/Editor/2022.3.31f1-x86_64/Editor/Data/Managed'
Mono path[1] = 'C:/Program Files/Unity/Hub/Editor/2022.3.31f1-x86_64/Editor/Data/MonoBleedingEdge/lib/mono/unityjit-win32'
Mono config path = 'C:/Program Files/Unity/Hub/Editor/2022.3.31f1-x86_64/Editor/Data/MonoBleedingEdge/etc'
Using monoOptions --debugger-agent=transport=dt_socket,embedding=1,server=y,suspend=n,address=127.0.0.1:56604
Begin MonoManager ReloadAssembly
Registering precompiled unity dll's ...
Register platform support module: C:/Program Files/Unity/Hub/Editor/2022.3.31f1-x86_64/Editor/Data/PlaybackEngines/AndroidPlayer/UnityEditor.Android.Extensions.dll
Register platform support module: C:/Program Files/Unity/Hub/Editor/2022.3.31f1-x86_64/Editor/Data/PlaybackEngines/iOSSupport/UnityEditor.iOS.Extensions.dll
Register platform support module: C:/Program Files/Unity/Hub/Editor/2022.3.31f1-x86_64/Editor/Data/PlaybackEngines/WindowsStandaloneSupport/UnityEditor.WindowsStandalone.Extensions.dll
Registered in 0.009232 seconds.
- Loaded All Assemblies, in  0.429 seconds
Native extension for WindowsStandalone target not found
[usbmuxd] Start listen thread
[usbmuxd] Listen thread started
Native extension for iOS target not found
Native extension for Android target not found
Android Extension - Scanning For ADB Devices 408 ms
Mono: successfully reloaded assembly
- Finished resetting the current domain, in  0.771 seconds
Domain Reload Profiling: 1198ms
	BeginReloadAssembly (133ms)
		ExecutionOrderSort (0ms)
		DisableScriptedObjects (0ms)
		BackupInstance (0ms)
		ReleaseScriptingObjects (0ms)
		CreateAndSetChildDomain (1ms)
	RebuildCommonClasses (38ms)
	RebuildNativeTypeToScriptingClass (11ms)
	initialDomainReloadingComplete (67ms)
	LoadAllAssembliesAndSetupDomain (177ms)
		LoadAssemblies (131ms)
		RebuildTransferFunctionScriptingTraits (0ms)
		AnalyzeDomain (173ms)
			TypeCache.Refresh (171ms)
				TypeCache.ScanAssembly (154ms)
			ScanForSourceGeneratedMonoScriptInfo (1ms)
			ResolveRequiredComponents (1ms)
	FinalizeReload (772ms)
		ReleaseScriptCaches (0ms)
		RebuildScriptCaches (0ms)
		SetupLoadedEditorAssemblies (708ms)
			LogAssemblyErrors (0ms)
			InitializePlatformSupportModulesInManaged (554ms)
			SetLoadedEditorAssemblies (4ms)
			RefreshPlugins (0ms)
			BeforeProcessingInitializeOnLoad (2ms)
			ProcessInitializeOnLoadAttributes (106ms)
			ProcessInitializeOnLoadMethodAttributes (42ms)
			AfterProcessingInitializeOnLoad (0ms)
			EditorAssembliesLoaded (0ms)
		ExecutionOrderSort2 (0ms)
		AwakeInstancesAfterBackupRestoration (0ms)
========================================================================
Worker process is ready to serve import requests
Begin MonoManager ReloadAssembly
Symbol file LoadedFromMemory is not a mono symbol file
- Loaded All Assemblies, in  0.731 seconds
Refreshing native plugins compatible for Editor in 11.30 ms, found 3 plugins.
Native extension for WindowsStandalone target not found
Native extension for iOS target not found
Native extension for Android target not found
Package Manager log level set to [2]
[Package Manager] Server::EnsureServerProcessIsRunning -- launch failed, reason: Unity was launched with the -noUpm command-line argument
[Package Manager] UpmClient::Send -- Unable to send message (not connected to UPM process).
[Package Manager] Cannot connect to Unity Package Manager local server
Mono: successfully reloaded assembly
- Finished resetting the current domain, in  0.901 seconds
Domain Reload Profiling: 1628ms
	BeginReloadAssembly (122ms)
		ExecutionOrderSort (0ms)
		DisableScriptedObjects (4ms)
		BackupInstance (0ms)
		ReleaseScriptingObjects (0ms)
		CreateAndSetChildDomain (21ms)
	RebuildCommonClasses (25ms)
	RebuildNativeTypeToScriptingClass (8ms)
	initialDomainReloadingComplete (37ms)
	LoadAllAssembliesAndSetupDomain (534ms)
		LoadAssemblies (399ms)
		RebuildTransferFunctionScriptingTraits (0ms)
		AnalyzeDomain (207ms)
			TypeCache.Refresh (169ms)
				TypeCache.ScanAssembly (150ms)
			ScanForSourceGeneratedMonoScriptInfo (25ms)
			ResolveRequiredComponents (11ms)
	FinalizeReload (902ms)
		ReleaseScriptCaches (0ms)
		RebuildScriptCaches (0ms)
		SetupLoadedEditorAssemblies (754ms)
			LogAssemblyErrors (0ms)
			InitializePlatformSupportModulesInManaged (28ms)
			SetLoadedEditorAssemblies (3ms)
			RefreshPlugins (0ms)
			BeforeProcessingInitializeOnLoad (68ms)
			ProcessInitializeOnLoadAttributes (445ms)
			ProcessInitializeOnLoadMethodAttributes (203ms)
			AfterProcessingInitializeOnLoad (6ms)
			EditorAssembliesLoaded (1ms)
		ExecutionOrderSort2 (0ms)
		AwakeInstancesAfterBackupRestoration (7ms)
Launched and connected shader compiler UnityShaderCompiler.exe after 0.07 seconds
Refreshing native plugins compatible for Editor in 11.98 ms, found 3 plugins.
Preloading 0 native plugins for Editor in 0.00 ms.
Unloading 6170 Unused Serialized files (Serialized files now loaded: 0)
Unloading 149 unused Assets / (3.2 MB). Loaded Objects now: 6578.
Memory consumption went from 244.9 MB to 241.8 MB.
Total: 10.718600 ms (FindLiveObjects: 0.674600 ms CreateObjectMapping: 0.365700 ms MarkObjects: 7.494800 ms  DeleteObjects: 2.180400 ms)

AssetImportParameters requested are different than current active one (requested -> active):
  custom:container-demuxer-ogg: 62fdf1f143b41e24485cea50d1cbac27 -> 
  custom:video-decoder-ogg-theora: a1e56fd34408186e4bbccfd4996cb3dc -> 
  custom:framework-win-MediaFoundation: 216162199b28c13a410421893ffa2e32 -> 
  custom:scripting/monoscript/fileName/SoldierSpawner.cs: 6fc5cc5da9dbff76c7bd74ed86038255 -> c29cc3b9a61019488530a52721ad0f90
  custom:scripting/monoscript/fileName/TowerModelChanger.cs: b2128dbb4c7dad8627fb0131d0eca2a9 -> 7735fc6d81ef6ad58c24fa58438a425d
  custom:CustomObjectIndexerAttribute: 72b91833f83ae208fae7752999fa3104 -> 
  custom:scripting/monoscript/fileName/TowerController.cs: b5dfa65f08a7dbf90dc8d54775f379e9 -> 916647d2d2739bf3a9f2bbce95686923
  custom:container-demuxer-webm: 4f35f7cbe854078d1ac9338744f61a02 -> 
  custom:container-muxer-webm: aa71ff27fc2769a1b78a27578f13a17b -> 
  custom:video-decoder-webm-vp8: 9c59270c3fd7afecdb556c50c9e8de78 -> 
  custom:SearchIndexIgnoredProperties: e643bd26f0fe6173181afceb89e7c659 -> 
  custom:AudioImporter_EditorPlatform: d09bf68614088b80899f8185d706f6e7 -> 
  custom:video-encoder-webm-vp8: eb34c28f22e8b96e1ab97ce403110664 -> 
  custom:audio-decoder-ogg-vorbis: bf7c407c2cedff20999df2af8eb42d56 -> 
  custom:audio-encoder-webm-vorbis: bf7c407c2cedff20999df2af8eb42d56 -> 
========================================================================
Received Import Request.
  Time since last request: 22569.497664 seconds.
  path: Assets/Plugins/GUI PRO Kit - Casual Game/ResourcesData/Sprite/Component/Frame/Frame_BasicFrame_Square03.png
  artifactKey: Guid(26d029d646f6e4627ab7b853e7b043fc) Importer(815301076,1909f56bfc062723c751e8b465ee728b)
Start importing Assets/Plugins/GUI PRO Kit - Casual Game/ResourcesData/Sprite/Component/Frame/Frame_BasicFrame_Square03.png using Guid(26d029d646f6e4627ab7b853e7b043fc) Importer(815301076,1909f56bfc062723c751e8b465ee728b) [PhysX] Initialized MultithreadedTaskDispatcher with 16 workers.
[PhysX] Initialized MultithreadedTaskDispatcher with 16 workers.
 -> (artifact id: 'eedceeff39b5eca16576fe150c9ace78') in 0.096812 seconds
Number of updated asset objects reloaded before import = 0
Number of asset objects unloaded after import = 3
========================================================================
Received Import Request.
  Time since last request: 0.000040 seconds.
  path: Assets/Plugins/GUI PRO Kit - Casual Game/ResourcesData/Sprite/Demo/Demo_Image/Common_White_Oval.png
  artifactKey: Guid(3b8d65f49dd4f491793fefc48da099f0) Importer(815301076,1909f56bfc062723c751e8b465ee728b)
Start importing Assets/Plugins/GUI PRO Kit - Casual Game/ResourcesData/Sprite/Demo/Demo_Image/Common_White_Oval.png using Guid(3b8d65f49dd4f491793fefc48da099f0) Importer(815301076,1909f56bfc062723c751e8b465ee728b) [PhysX] Initialized MultithreadedTaskDispatcher with 16 workers.
[PhysX] Initialized MultithreadedTaskDispatcher with 16 workers.
 -> (artifact id: '6944b5756750f1b37b05db974377c5ea') in 0.021168 seconds
Number of updated asset objects reloaded before import = 0
Number of asset objects unloaded after import = 3
========================================================================
Received Import Request.
  Time since last request: 0.426986 seconds.
  path: Assets/Plugins/GUI PRO Kit - Casual Game/ResourcesData/Sprite/Component/Frame/Frame_BasicFrame_Square05.png
  artifactKey: Guid(81ad8f5c4852d41e191916940d12b456) Importer(815301076,1909f56bfc062723c751e8b465ee728b)
Start importing Assets/Plugins/GUI PRO Kit - Casual Game/ResourcesData/Sprite/Component/Frame/Frame_BasicFrame_Square05.png using Guid(81ad8f5c4852d41e191916940d12b456) Importer(815301076,1909f56bfc062723c751e8b465ee728b) [PhysX] Initialized MultithreadedTaskDispatcher with 16 workers.
[PhysX] Initialized MultithreadedTaskDispatcher with 16 workers.
 -> (artifact id: '94a7b84ee1ed68baf61560f44ecc53cf') in 0.023828 seconds
Number of updated asset objects reloaded before import = 0
Number of asset objects unloaded after import = 3
========================================================================
Received Import Request.
  Time since last request: 0.000031 seconds.
  path: Assets/Plugins/GUI PRO Kit - Casual Game/ResourcesData/Sprite/Component/Frame/Frame_CardFrame00_BottomGlow.png
  artifactKey: Guid(79e4cecbc2d6d4aeca7df44b6083a17e) Importer(815301076,1909f56bfc062723c751e8b465ee728b)
Start importing Assets/Plugins/GUI PRO Kit - Casual Game/ResourcesData/Sprite/Component/Frame/Frame_CardFrame00_BottomGlow.png using Guid(79e4cecbc2d6d4aeca7df44b6083a17e) Importer(815301076,1909f56bfc062723c751e8b465ee728b) [PhysX] Initialized MultithreadedTaskDispatcher with 16 workers.
[PhysX] Initialized MultithreadedTaskDispatcher with 16 workers.
 -> (artifact id: '2a09db9408a8e8499e8af49f61bb9d54') in 0.026418 seconds
Number of updated asset objects reloaded before import = 0
Number of asset objects unloaded after import = 3
========================================================================
Received Import Request.
  Time since last request: 0.000031 seconds.
  path: Assets/Plugins/GUI PRO Kit - Casual Game/ResourcesData/Sprite/Component/Frame/Frame_ItemFrame000_Count.png
  artifactKey: Guid(8c56c5fdda92b4c74b0de742465022b5) Importer(815301076,1909f56bfc062723c751e8b465ee728b)
Start importing Assets/Plugins/GUI PRO Kit - Casual Game/ResourcesData/Sprite/Component/Frame/Frame_ItemFrame000_Count.png using Guid(8c56c5fdda92b4c74b0de742465022b5) Importer(815301076,1909f56bfc062723c751e8b465ee728b) [PhysX] Initialized MultithreadedTaskDispatcher with 16 workers.
[PhysX] Initialized MultithreadedTaskDispatcher with 16 workers.
 -> (artifact id: '26a42837f1c1711783824829a5f85a54') in 0.023874 seconds
Number of updated asset objects reloaded before import = 0
Number of asset objects unloaded after import = 3
========================================================================
Received Import Request.
  Time since last request: 0.000030 seconds.
  path: Assets/Plugins/GUI PRO Kit - Casual Game/ResourcesData/Sprite/Component/Frame/Frame_CardFrame01_Icon.png
  artifactKey: Guid(f9f9547cfd43f48799eb35ebf9d37c19) Importer(815301076,1909f56bfc062723c751e8b465ee728b)
Start importing Assets/Plugins/GUI PRO Kit - Casual Game/ResourcesData/Sprite/Component/Frame/Frame_CardFrame01_Icon.png using Guid(f9f9547cfd43f48799eb35ebf9d37c19) Importer(815301076,1909f56bfc062723c751e8b465ee728b) [PhysX] Initialized MultithreadedTaskDispatcher with 16 workers.
[PhysX] Initialized MultithreadedTaskDispatcher with 16 workers.
 -> (artifact id: '8e401f31f2764996bb2db362f20167d7') in 0.025325 seconds
Number of updated asset objects reloaded before import = 0
Number of asset objects unloaded after import = 3
========================================================================
Received Import Request.
  Time since last request: 0.000032 seconds.
  path: Assets/Plugins/GUI PRO Kit - Casual Game/ResourcesData/Sprite/Component/Frame/Frame_ItemFrame03_Navy.png
  artifactKey: Guid(a4771f2cf68494470ab5d3d0bb83abad) Importer(815301076,1909f56bfc062723c751e8b465ee728b)
Start importing Assets/Plugins/GUI PRO Kit - Casual Game/ResourcesData/Sprite/Component/Frame/Frame_ItemFrame03_Navy.png using Guid(a4771f2cf68494470ab5d3d0bb83abad) Importer(815301076,1909f56bfc062723c751e8b465ee728b) [PhysX] Initialized MultithreadedTaskDispatcher with 16 workers.
[PhysX] Initialized MultithreadedTaskDispatcher with 16 workers.
 -> (artifact id: '00bdc2a7eb91179cdadd2736d2ebfb1f') in 0.023517 seconds
Number of updated asset objects reloaded before import = 0
Number of asset objects unloaded after import = 3
========================================================================
Received Import Request.
  Time since last request: 0.000031 seconds.
  path: Assets/Plugins/GUI PRO Kit - Casual Game/ResourcesData/Sprite/Component/Frame/Frame_ItemFrame01_Color_Purple.png
  artifactKey: Guid(10d23572713d041c596abf5c00be11dc) Importer(815301076,1909f56bfc062723c751e8b465ee728b)
Start importing Assets/Plugins/GUI PRO Kit - Casual Game/ResourcesData/Sprite/Component/Frame/Frame_ItemFrame01_Color_Purple.png using Guid(10d23572713d041c596abf5c00be11dc) Importer(815301076,1909f56bfc062723c751e8b465ee728b) [PhysX] Initialized MultithreadedTaskDispatcher with 16 workers.
[PhysX] Initialized MultithreadedTaskDispatcher with 16 workers.
 -> (artifact id: '5eca42619de64199adc30eabc32dff7f') in 0.023600 seconds
Number of updated asset objects reloaded before import = 0
Number of asset objects unloaded after import = 3
========================================================================
Received Import Request.
  Time since last request: 0.000028 seconds.
  path: Assets/Plugins/GUI PRO Kit - Casual Game/ResourcesData/Sprite/Component/Frame/Frame_ItemFrame01_Color_Brown.png
  artifactKey: Guid(dd77367546bf4433dbbb2317a935df54) Importer(815301076,1909f56bfc062723c751e8b465ee728b)
Start importing Assets/Plugins/GUI PRO Kit - Casual Game/ResourcesData/Sprite/Component/Frame/Frame_ItemFrame01_Color_Brown.png using Guid(dd77367546bf4433dbbb2317a935df54) Importer(815301076,1909f56bfc062723c751e8b465ee728b) [PhysX] Initialized MultithreadedTaskDispatcher with 16 workers.
[PhysX] Initialized MultithreadedTaskDispatcher with 16 workers.
 -> (artifact id: '88425780bb7cc05ad47eb58100c59ce8') in 0.023226 seconds
Number of updated asset objects reloaded before import = 0
Number of asset objects unloaded after import = 3
========================================================================
Received Import Request.
  Time since last request: 0.000022 seconds.
  path: Assets/Plugins/GUI PRO Kit - Casual Game/ResourcesData/Sprite/Component/Frame/Frame_CardFrame02_Frame.png
  artifactKey: Guid(5437236b9c8c24572bc98b7a615c20a6) Importer(815301076,1909f56bfc062723c751e8b465ee728b)
Start importing Assets/Plugins/GUI PRO Kit - Casual Game/ResourcesData/Sprite/Component/Frame/Frame_CardFrame02_Frame.png using Guid(5437236b9c8c24572bc98b7a615c20a6) Importer(815301076,1909f56bfc062723c751e8b465ee728b) [PhysX] Initialized MultithreadedTaskDispatcher with 16 workers.
[PhysX] Initialized MultithreadedTaskDispatcher with 16 workers.
 -> (artifact id: '0ce9d5c2299ecf9ca631e1cec4a88840') in 0.024360 seconds
Number of updated asset objects reloaded before import = 0
Number of asset objects unloaded after import = 3
========================================================================
Received Import Request.
  Time since last request: 0.000028 seconds.
  path: Assets/Plugins/GUI PRO Kit - Casual Game/ResourcesData/Sprite/Component/Frame/Frame_CardFrame03_Blue.png
  artifactKey: Guid(91d37967864564f818aaf9326fcf0302) Importer(815301076,1909f56bfc062723c751e8b465ee728b)
Start importing Assets/Plugins/GUI PRO Kit - Casual Game/ResourcesData/Sprite/Component/Frame/Frame_CardFrame03_Blue.png using Guid(91d37967864564f818aaf9326fcf0302) Importer(815301076,1909f56bfc062723c751e8b465ee728b) [PhysX] Initialized MultithreadedTaskDispatcher with 16 workers.
[PhysX] Initialized MultithreadedTaskDispatcher with 16 workers.
 -> (artifact id: '004a94ce246a67902d2296c935a5c63e') in 0.024879 seconds
Number of updated asset objects reloaded before import = 0
Number of asset objects unloaded after import = 3
========================================================================
Received Import Request.
  Time since last request: 0.000021 seconds.
  path: Assets/Plugins/GUI PRO Kit - Casual Game/ResourcesData/Sprite/Component/Frame/Frame_ItemFrame02_Color_Yellow.png
  artifactKey: Guid(460f4830064ce4dc8b3534b94a4f636a) Importer(815301076,1909f56bfc062723c751e8b465ee728b)
Start importing Assets/Plugins/GUI PRO Kit - Casual Game/ResourcesData/Sprite/Component/Frame/Frame_ItemFrame02_Color_Yellow.png using Guid(460f4830064ce4dc8b3534b94a4f636a) Importer(815301076,1909f56bfc062723c751e8b465ee728b) [PhysX] Initialized MultithreadedTaskDispatcher with 16 workers.
[PhysX] Initialized MultithreadedTaskDispatcher with 16 workers.
 -> (artifact id: '9ee3a0424251ca20f1d821e779359905') in 0.022047 seconds
Number of updated asset objects reloaded before import = 0
Number of asset objects unloaded after import = 3
========================================================================
Received Import Request.
  Time since last request: 0.161141 seconds.
  path: Assets/Plugins/GUI PRO Kit - Casual Game/ResourcesData/Sprite/Component/Frame/Frame_ItemFrame05_d.png
  artifactKey: Guid(a55e47f19f24646acaab15c6d059fc57) Importer(815301076,1909f56bfc062723c751e8b465ee728b)
Start importing Assets/Plugins/GUI PRO Kit - Casual Game/ResourcesData/Sprite/Component/Frame/Frame_ItemFrame05_d.png using Guid(a55e47f19f24646acaab15c6d059fc57) Importer(815301076,1909f56bfc062723c751e8b465ee728b) [PhysX] Initialized MultithreadedTaskDispatcher with 16 workers.
[PhysX] Initialized MultithreadedTaskDispatcher with 16 workers.
 -> (artifact id: '1420e7af5713eda0b3421b28120e83e9') in 0.023697 seconds
Number of updated asset objects reloaded before import = 0
Number of asset objects unloaded after import = 3
========================================================================
Received Import Request.
  Time since last request: 0.000035 seconds.
  path: Assets/Plugins/GUI PRO Kit - Casual Game/ResourcesData/Sprite/Component/Frame/Frame_ListFrame03.png
  artifactKey: Guid(a8344ab2be7e54cc6b34c453c8256ed4) Importer(815301076,1909f56bfc062723c751e8b465ee728b)
Start importing Assets/Plugins/GUI PRO Kit - Casual Game/ResourcesData/Sprite/Component/Frame/Frame_ListFrame03.png using Guid(a8344ab2be7e54cc6b34c453c8256ed4) Importer(815301076,1909f56bfc062723c751e8b465ee728b) [PhysX] Initialized MultithreadedTaskDispatcher with 16 workers.
[PhysX] Initialized MultithreadedTaskDispatcher with 16 workers.
 -> (artifact id: '3b32da29ceb858ee84fa17f88a1e2210') in 0.023140 seconds
Number of updated asset objects reloaded before import = 0
Number of asset objects unloaded after import = 3
========================================================================
Received Import Request.
  Time since last request: 0.000032 seconds.
  path: Assets/Plugins/GUI PRO Kit - Casual Game/ResourcesData/Sprite/Component/Frame/Frame_ListFrame02.png
  artifactKey: Guid(97af439d5b4004d96b2dadfe95b1b414) Importer(815301076,1909f56bfc062723c751e8b465ee728b)
Start importing Assets/Plugins/GUI PRO Kit - Casual Game/ResourcesData/Sprite/Component/Frame/Frame_ListFrame02.png using Guid(97af439d5b4004d96b2dadfe95b1b414) Importer(815301076,1909f56bfc062723c751e8b465ee728b) [PhysX] Initialized MultithreadedTaskDispatcher with 16 workers.
[PhysX] Initialized MultithreadedTaskDispatcher with 16 workers.
 -> (artifact id: 'f4a12fe13a825d80d41e761c1c07d26e') in 0.024181 seconds
Number of updated asset objects reloaded before import = 0
Number of asset objects unloaded after import = 3
========================================================================
Received Import Request.
  Time since last request: 0.056111 seconds.
  path: Assets/Plugins/GUI PRO Kit - Casual Game/ResourcesData/Sprite/Component/Frame/Frame_ListFrame06_00_n.png
  artifactKey: Guid(1c2eec4f264c34c92b06e3c5ad8dc5ed) Importer(815301076,1909f56bfc062723c751e8b465ee728b)
Start importing Assets/Plugins/GUI PRO Kit - Casual Game/ResourcesData/Sprite/Component/Frame/Frame_ListFrame06_00_n.png using Guid(1c2eec4f264c34c92b06e3c5ad8dc5ed) Importer(815301076,1909f56bfc062723c751e8b465ee728b) [PhysX] Initialized MultithreadedTaskDispatcher with 16 workers.
[PhysX] Initialized MultithreadedTaskDispatcher with 16 workers.
 -> (artifact id: '1975b0a73e2e265cb817022a3327ade6') in 0.027499 seconds
Number of updated asset objects reloaded before import = 0
Number of asset objects unloaded after import = 3
========================================================================
Received Import Request.
  Time since last request: 0.000020 seconds.
  path: Assets/Plugins/GUI PRO Kit - Casual Game/ResourcesData/Sprite/Component/Frame/Frame_ListFrame14_d.png
  artifactKey: Guid(f965acaf030bc408bb107241ad5d371b) Importer(815301076,1909f56bfc062723c751e8b465ee728b)
Start importing Assets/Plugins/GUI PRO Kit - Casual Game/ResourcesData/Sprite/Component/Frame/Frame_ListFrame14_d.png using Guid(f965acaf030bc408bb107241ad5d371b) Importer(815301076,1909f56bfc062723c751e8b465ee728b) [PhysX] Initialized MultithreadedTaskDispatcher with 16 workers.
[PhysX] Initialized MultithreadedTaskDispatcher with 16 workers.
 -> (artifact id: '746c379ac87b061a34b5ab748c684e01') in 0.024725 seconds
Number of updated asset objects reloaded before import = 0
Number of asset objects unloaded after import = 3
========================================================================
Received Import Request.
  Time since last request: 0.000023 seconds.
  path: Assets/Plugins/GUI PRO Kit - Casual Game/ResourcesData/Sprite/Component/Frame/Frame_ListFrame08_s.png
  artifactKey: Guid(33fe47cf57cd44758a7a8573ea549012) Importer(815301076,1909f56bfc062723c751e8b465ee728b)
Start importing Assets/Plugins/GUI PRO Kit - Casual Game/ResourcesData/Sprite/Component/Frame/Frame_ListFrame08_s.png using Guid(33fe47cf57cd44758a7a8573ea549012) Importer(815301076,1909f56bfc062723c751e8b465ee728b) [PhysX] Initialized MultithreadedTaskDispatcher with 16 workers.
[PhysX] Initialized MultithreadedTaskDispatcher with 16 workers.
 -> (artifact id: '8fe9d3eb6ac6c6f21d2d0ff5edc6ae94') in 0.026513 seconds
Number of updated asset objects reloaded before import = 0
Number of asset objects unloaded after import = 3
========================================================================
Received Import Request.
  Time since last request: 0.000030 seconds.
  path: Assets/Plugins/GUI PRO Kit - Casual Game/ResourcesData/Sprite/Component/Frame/Frame_SideFrame_Bottom.png
  artifactKey: Guid(6113c1408d1594d2aa275124a14efdb9) Importer(815301076,1909f56bfc062723c751e8b465ee728b)
Start importing Assets/Plugins/GUI PRO Kit - Casual Game/ResourcesData/Sprite/Component/Frame/Frame_SideFrame_Bottom.png using Guid(6113c1408d1594d2aa275124a14efdb9) Importer(815301076,1909f56bfc062723c751e8b465ee728b) [PhysX] Initialized MultithreadedTaskDispatcher with 16 workers.
[PhysX] Initialized MultithreadedTaskDispatcher with 16 workers.
 -> (artifact id: '2cfd1aab0ded09573aec3206dc2f5bfd') in 0.026016 seconds
Number of updated asset objects reloaded before import = 0
Number of asset objects unloaded after import = 3
========================================================================
Received Import Request.
  Time since last request: 0.000036 seconds.
  path: Assets/Plugins/GUI PRO Kit - Casual Game/ResourcesData/Sprite/Component/Frame/Frame_ListFrame12_Blue.png
  artifactKey: Guid(a4594cf46cc344df2bc8dbbdfd0847c0) Importer(815301076,1909f56bfc062723c751e8b465ee728b)
Start importing Assets/Plugins/GUI PRO Kit - Casual Game/ResourcesData/Sprite/Component/Frame/Frame_ListFrame12_Blue.png using Guid(a4594cf46cc344df2bc8dbbdfd0847c0) Importer(815301076,1909f56bfc062723c751e8b465ee728b) [PhysX] Initialized MultithreadedTaskDispatcher with 16 workers.
[PhysX] Initialized MultithreadedTaskDispatcher with 16 workers.
 -> (artifact id: '7ad22f2c804404f1ec6b713a86a50884') in 0.023154 seconds
Number of updated asset objects reloaded before import = 0
Number of asset objects unloaded after import = 3
========================================================================
Received Import Request.
  Time since last request: 0.000025 seconds.
  path: Assets/Plugins/GUI PRO Kit - Casual Game/ResourcesData/Sprite/Component/Frame/Frame_ListFrame_Square04_f.png
  artifactKey: Guid(455d14777d4904404b4f056333d64766) Importer(815301076,1909f56bfc062723c751e8b465ee728b)
Start importing Assets/Plugins/GUI PRO Kit - Casual Game/ResourcesData/Sprite/Component/Frame/Frame_ListFrame_Square04_f.png using Guid(455d14777d4904404b4f056333d64766) Importer(815301076,1909f56bfc062723c751e8b465ee728b) [PhysX] Initialized MultithreadedTaskDispatcher with 16 workers.
[PhysX] Initialized MultithreadedTaskDispatcher with 16 workers.
 -> (artifact id: '64e1e0977137af3d0e19678c2062e38f') in 0.023345 seconds
Number of updated asset objects reloaded before import = 0
Number of asset objects unloaded after import = 3
========================================================================
Received Import Request.
  Time since last request: 0.306150 seconds.
  path: Assets/Plugins/GUI PRO Kit - Casual Game/ResourcesData/Sprite/Component/Frame/Frame_SpeechBubble01.png
  artifactKey: Guid(74e324dd9cbd34aa2811e539973caac7) Importer(815301076,1909f56bfc062723c751e8b465ee728b)
Start importing Assets/Plugins/GUI PRO Kit - Casual Game/ResourcesData/Sprite/Component/Frame/Frame_SpeechBubble01.png using Guid(74e324dd9cbd34aa2811e539973caac7) Importer(815301076,1909f56bfc062723c751e8b465ee728b) [PhysX] Initialized MultithreadedTaskDispatcher with 16 workers.
[PhysX] Initialized MultithreadedTaskDispatcher with 16 workers.
 -> (artifact id: '3dab11df6da6718c3a60b3515fa875bd') in 0.022752 seconds
Number of updated asset objects reloaded before import = 0
Number of asset objects unloaded after import = 3
========================================================================
Received Import Request.
  Time since last request: 0.000022 seconds.
  path: Assets/Plugins/GUI PRO Kit - Casual Game/ResourcesData/Sprite/Component/Frame/Frame_SpeechBubble02_Blue.png
  artifactKey: Guid(6a84fe7d00c0247719b41d0998c03ab0) Importer(815301076,1909f56bfc062723c751e8b465ee728b)
Start importing Assets/Plugins/GUI PRO Kit - Casual Game/ResourcesData/Sprite/Component/Frame/Frame_SpeechBubble02_Blue.png using Guid(6a84fe7d00c0247719b41d0998c03ab0) Importer(815301076,1909f56bfc062723c751e8b465ee728b) [PhysX] Initialized MultithreadedTaskDispatcher with 16 workers.
[PhysX] Initialized MultithreadedTaskDispatcher with 16 workers.
 -> (artifact id: 'd42332ed606ea7e308ab7701b5540fb9') in 0.024366 seconds
Number of updated asset objects reloaded before import = 0
Number of asset objects unloaded after import = 3
========================================================================
Received Import Request.
  Time since last request: 0.000025 seconds.
  path: Assets/Plugins/GUI PRO Kit - Casual Game/ResourcesData/Sprite/Component/Frame/Frame_StageFrame_Line.png
  artifactKey: Guid(963d78d44fe92409d8e59e21376b81e7) Importer(815301076,1909f56bfc062723c751e8b465ee728b)
Start importing Assets/Plugins/GUI PRO Kit - Casual Game/ResourcesData/Sprite/Component/Frame/Frame_StageFrame_Line.png using Guid(963d78d44fe92409d8e59e21376b81e7) Importer(815301076,1909f56bfc062723c751e8b465ee728b) [PhysX] Initialized MultithreadedTaskDispatcher with 16 workers.
[PhysX] Initialized MultithreadedTaskDispatcher with 16 workers.
 -> (artifact id: '99e751777840d8fee19463f9019facce') in 0.023294 seconds
Number of updated asset objects reloaded before import = 0
Number of asset objects unloaded after import = 3
========================================================================
Received Import Request.
  Time since last request: 0.004010 seconds.
  path: Assets/Plugins/GUI PRO Kit - Casual Game/ResourcesData/Sprite/Component/Frame/Frame_TableFrame01_Frame.png
  artifactKey: Guid(5908892b8c8314bba9b29d850192f786) Importer(815301076,1909f56bfc062723c751e8b465ee728b)
Start importing Assets/Plugins/GUI PRO Kit - Casual Game/ResourcesData/Sprite/Component/Frame/Frame_TableFrame01_Frame.png using Guid(5908892b8c8314bba9b29d850192f786) Importer(815301076,1909f56bfc062723c751e8b465ee728b) [PhysX] Initialized MultithreadedTaskDispatcher with 16 workers.
[PhysX] Initialized MultithreadedTaskDispatcher with 16 workers.
 -> (artifact id: '7323b9b85932b34249ade6480d59e027') in 0.024652 seconds
Number of updated asset objects reloaded before import = 0
Number of asset objects unloaded after import = 3
========================================================================
Received Import Request.
  Time since last request: 0.000026 seconds.
  path: Assets/Plugins/GUI PRO Kit - Casual Game/ResourcesData/Particle/Texture/fx_rotate_line_small.png
  artifactKey: Guid(5c8f1d6936b5344509ed8a53218cf670) Importer(815301076,1909f56bfc062723c751e8b465ee728b)
Start importing Assets/Plugins/GUI PRO Kit - Casual Game/ResourcesData/Particle/Texture/fx_rotate_line_small.png using Guid(5c8f1d6936b5344509ed8a53218cf670) Importer(815301076,1909f56bfc062723c751e8b465ee728b) [PhysX] Initialized MultithreadedTaskDispatcher with 16 workers.
[PhysX] Initialized MultithreadedTaskDispatcher with 16 workers.
 -> (artifact id: '5ffbc5b0870d1109659685a134c7f4df') in 0.025641 seconds
Number of updated asset objects reloaded before import = 0
Number of asset objects unloaded after import = 3
========================================================================
Received Import Request.
  Time since last request: 0.000053 seconds.
  path: Assets/Plugins/GUI PRO Kit - Casual Game/ResourcesData/Particle/Texture/fx_circle_line_blue.png
  artifactKey: Guid(3191730e352f0497aa312254cbdd9df8) Importer(815301076,1909f56bfc062723c751e8b465ee728b)
Start importing Assets/Plugins/GUI PRO Kit - Casual Game/ResourcesData/Particle/Texture/fx_circle_line_blue.png using Guid(3191730e352f0497aa312254cbdd9df8) Importer(815301076,1909f56bfc062723c751e8b465ee728b) [PhysX] Initialized MultithreadedTaskDispatcher with 16 workers.
[PhysX] Initialized MultithreadedTaskDispatcher with 16 workers.
 -> (artifact id: '61dc4b601c281b4d1c485a02626e9731') in 0.024526 seconds
Number of updated asset objects reloaded before import = 0
Number of asset objects unloaded after import = 3
========================================================================
Received Import Request.
  Time since last request: 0.000021 seconds.
  path: Assets/Plugins/GUI PRO Kit - Casual Game/ResourcesData/Particle/Texture/fx_star_purple.png
  artifactKey: Guid(57191edf12ca349538520c87a1a1eeb4) Importer(815301076,1909f56bfc062723c751e8b465ee728b)
Start importing Assets/Plugins/GUI PRO Kit - Casual Game/ResourcesData/Particle/Texture/fx_star_purple.png using Guid(57191edf12ca349538520c87a1a1eeb4) Importer(815301076,1909f56bfc062723c751e8b465ee728b) [PhysX] Initialized MultithreadedTaskDispatcher with 16 workers.
[PhysX] Initialized MultithreadedTaskDispatcher with 16 workers.
 -> (artifact id: '794a60585be00c3456b029cd932e087c') in 0.021509 seconds
Number of updated asset objects reloaded before import = 0
Number of asset objects unloaded after import = 3
========================================================================
Received Import Request.
  Time since last request: 0.000020 seconds.
  path: Assets/Plugins/GUI PRO Kit - Casual Game/ResourcesData/Particle/Texture/fx_star_light.png
  artifactKey: Guid(dc6554091b11d49f5b3a82dee8d80599) Importer(815301076,1909f56bfc062723c751e8b465ee728b)
Start importing Assets/Plugins/GUI PRO Kit - Casual Game/ResourcesData/Particle/Texture/fx_star_light.png using Guid(dc6554091b11d49f5b3a82dee8d80599) Importer(815301076,1909f56bfc062723c751e8b465ee728b) [PhysX] Initialized MultithreadedTaskDispatcher with 16 workers.
[PhysX] Initialized MultithreadedTaskDispatcher with 16 workers.
 -> (artifact id: '818b77e6875608f67ab9525a1528d362') in 0.025066 seconds
Number of updated asset objects reloaded before import = 0
Number of asset objects unloaded after import = 3
========================================================================
Received Import Request.
  Time since last request: 0.000040 seconds.
  path: Assets/Plugins/GUI PRO Kit - Casual Game/ResourcesData/Particle/Texture/fx_special_particle_red.png
  artifactKey: Guid(15e023c28f0e34cbfb2088f5078c2e25) Importer(815301076,1909f56bfc062723c751e8b465ee728b)
Start importing Assets/Plugins/GUI PRO Kit - Casual Game/ResourcesData/Particle/Texture/fx_special_particle_red.png using Guid(15e023c28f0e34cbfb2088f5078c2e25) Importer(815301076,1909f56bfc062723c751e8b465ee728b) [PhysX] Initialized MultithreadedTaskDispatcher with 16 workers.
[PhysX] Initialized MultithreadedTaskDispatcher with 16 workers.
 -> (artifact id: '44ec702ef3058533a70b6f1c82f73808') in 0.024018 seconds
Number of updated asset objects reloaded before import = 0
Number of asset objects unloaded after import = 3
========================================================================
Received Import Request.
  Time since last request: 0.218764 seconds.
  path: Assets/Plugins/GUI PRO Kit - Casual Game/ResourcesData/Sprite/Demo/Demo_Icon_ItemIcons(Original)/Icon_Bag.Png
  artifactKey: Guid(c1e3f83fb7eb942ee8baa3d7c3723eb1) Importer(815301076,1909f56bfc062723c751e8b465ee728b)
Start importing Assets/Plugins/GUI PRO Kit - Casual Game/ResourcesData/Sprite/Demo/Demo_Icon_ItemIcons(Original)/Icon_Bag.Png using Guid(c1e3f83fb7eb942ee8baa3d7c3723eb1) Importer(815301076,1909f56bfc062723c751e8b465ee728b) [PhysX] Initialized MultithreadedTaskDispatcher with 16 workers.
[PhysX] Initialized MultithreadedTaskDispatcher with 16 workers.
 -> (artifact id: 'c1aa28acf3972a4c5a087027b066eee8') in 0.024506 seconds
Number of updated asset objects reloaded before import = 0
Number of asset objects unloaded after import = 3
========================================================================
Received Import Request.
  Time since last request: 0.000031 seconds.
  path: Assets/Plugins/GUI PRO Kit - Casual Game/ResourcesData/Sprite/Demo/Demo_Icon_ItemIcons(Original)/icon_Bomb_Bomb.Png
  artifactKey: Guid(e999f11042cd241a38ff7e27c7803480) Importer(815301076,1909f56bfc062723c751e8b465ee728b)
Start importing Assets/Plugins/GUI PRO Kit - Casual Game/ResourcesData/Sprite/Demo/Demo_Icon_ItemIcons(Original)/icon_Bomb_Bomb.Png using Guid(e999f11042cd241a38ff7e27c7803480) Importer(815301076,1909f56bfc062723c751e8b465ee728b) [PhysX] Initialized MultithreadedTaskDispatcher with 16 workers.
[PhysX] Initialized MultithreadedTaskDispatcher with 16 workers.
 -> (artifact id: '41db9d3bd6c1bb78381e3c09a255edd4') in 0.023458 seconds
Number of updated asset objects reloaded before import = 0
Number of asset objects unloaded after import = 3
========================================================================
Received Import Request.
  Time since last request: 0.022412 seconds.
  path: Assets/Plugins/GUI PRO Kit - Casual Game/ResourcesData/Sprite/Demo/Demo_Icon_ItemIcons(Original)/Icon_Boots.Png
  artifactKey: Guid(44f2803dad0404cbeb9ee038d70da104) Importer(815301076,1909f56bfc062723c751e8b465ee728b)
Start importing Assets/Plugins/GUI PRO Kit - Casual Game/ResourcesData/Sprite/Demo/Demo_Icon_ItemIcons(Original)/Icon_Boots.Png using Guid(44f2803dad0404cbeb9ee038d70da104) Importer(815301076,1909f56bfc062723c751e8b465ee728b) [PhysX] Initialized MultithreadedTaskDispatcher with 16 workers.
[PhysX] Initialized MultithreadedTaskDispatcher with 16 workers.
 -> (artifact id: '785995766f19665f83ed7249a3e92f28') in 0.024103 seconds
Number of updated asset objects reloaded before import = 0
Number of asset objects unloaded after import = 3
========================================================================
Received Import Request.
  Time since last request: 0.000036 seconds.
  path: Assets/Plugins/GUI PRO Kit - Casual Game/ResourcesData/Sprite/Demo/Demo_Icon/Icon_ChestIcon_Gold01_xl.png
  artifactKey: Guid(03911bb6df5894a4ca4b5543901dc0e8) Importer(815301076,1909f56bfc062723c751e8b465ee728b)
Start importing Assets/Plugins/GUI PRO Kit - Casual Game/ResourcesData/Sprite/Demo/Demo_Icon/Icon_ChestIcon_Gold01_xl.png using Guid(03911bb6df5894a4ca4b5543901dc0e8) Importer(815301076,1909f56bfc062723c751e8b465ee728b) [PhysX] Initialized MultithreadedTaskDispatcher with 16 workers.
[PhysX] Initialized MultithreadedTaskDispatcher with 16 workers.
 -> (artifact id: '2b664e253a3431b91040aba81a802983') in 0.040016 seconds
Number of updated asset objects reloaded before import = 0
Number of asset objects unloaded after import = 3
========================================================================
Received Import Request.
  Time since last request: 0.000040 seconds.
  path: Assets/Plugins/GUI PRO Kit - Casual Game/ResourcesData/Sprite/Demo/Demo_Icon_ItemIcons(Original)/Icon_Egg.Png
  artifactKey: Guid(95a372ffeea2a4ae0baa518551b8566b) Importer(815301076,1909f56bfc062723c751e8b465ee728b)
Start importing Assets/Plugins/GUI PRO Kit - Casual Game/ResourcesData/Sprite/Demo/Demo_Icon_ItemIcons(Original)/Icon_Egg.Png using Guid(95a372ffeea2a4ae0baa518551b8566b) Importer(815301076,1909f56bfc062723c751e8b465ee728b) [PhysX] Initialized MultithreadedTaskDispatcher with 16 workers.
[PhysX] Initialized MultithreadedTaskDispatcher with 16 workers.
 -> (artifact id: 'c63351057d3246c2549c5e02d2f07ae6') in 0.033561 seconds
Number of updated asset objects reloaded before import = 0
Number of asset objects unloaded after import = 3
========================================================================
Received Import Request.
  Time since last request: 0.000023 seconds.
  path: Assets/Plugins/GUI PRO Kit - Casual Game/ResourcesData/Sprite/Demo/Demo_Icon_ItemIcons(Original)/Icon_DogGum.Png
  artifactKey: Guid(4a7be438cd9a94041802e4fadf206167) Importer(815301076,1909f56bfc062723c751e8b465ee728b)
Start importing Assets/Plugins/GUI PRO Kit - Casual Game/ResourcesData/Sprite/Demo/Demo_Icon_ItemIcons(Original)/Icon_DogGum.Png using Guid(4a7be438cd9a94041802e4fadf206167) Importer(815301076,1909f56bfc062723c751e8b465ee728b) [PhysX] Initialized MultithreadedTaskDispatcher with 16 workers.
[PhysX] Initialized MultithreadedTaskDispatcher with 16 workers.
 -> (artifact id: '1b3697426ce8c43326e3bf06e612cf3d') in 0.026134 seconds
Number of updated asset objects reloaded before import = 0
Number of asset objects unloaded after import = 3
========================================================================
Received Import Request.
  Time since last request: 0.000025 seconds.
  path: Assets/Plugins/GUI PRO Kit - Casual Game/ResourcesData/Sprite/Demo/Demo_CountryFlag/Icon_Flag_Eng.Png
  artifactKey: Guid(a3196820b16eb4df588d8ef9f2671b8c) Importer(815301076,1909f56bfc062723c751e8b465ee728b)
Start importing Assets/Plugins/GUI PRO Kit - Casual Game/ResourcesData/Sprite/Demo/Demo_CountryFlag/Icon_Flag_Eng.Png using Guid(a3196820b16eb4df588d8ef9f2671b8c) Importer(815301076,1909f56bfc062723c751e8b465ee728b) [PhysX] Initialized MultithreadedTaskDispatcher with 16 workers.
[PhysX] Initialized MultithreadedTaskDispatcher with 16 workers.
 -> (artifact id: '37895581d8ee1af4336f70f014cd5935') in 0.023973 seconds
Number of updated asset objects reloaded before import = 0
Number of asset objects unloaded after import = 3
========================================================================
Received Import Request.
  Time since last request: 0.000035 seconds.
  path: Assets/Plugins/GUI PRO Kit - Casual Game/ResourcesData/Sprite/Demo/Demo_Icon/Icon_ChestIcon_Blue02_m.png
  artifactKey: Guid(9416cda36695646258360b3882365668) Importer(815301076,1909f56bfc062723c751e8b465ee728b)
Start importing Assets/Plugins/GUI PRO Kit - Casual Game/ResourcesData/Sprite/Demo/Demo_Icon/Icon_ChestIcon_Blue02_m.png using Guid(9416cda36695646258360b3882365668) Importer(815301076,1909f56bfc062723c751e8b465ee728b) [PhysX] Initialized MultithreadedTaskDispatcher with 16 workers.
[PhysX] Initialized MultithreadedTaskDispatcher with 16 workers.
 -> (artifact id: '794620c23ac1e49816808229eb55c7a6') in 0.024645 seconds
Number of updated asset objects reloaded before import = 0
Number of asset objects unloaded after import = 3
========================================================================
Received Import Request.
  Time since last request: 0.231297 seconds.
  path: Assets/Plugins/GUI PRO Kit - Casual Game/ResourcesData/Sprite/Demo/Demo_CountryFlag/Icon_Flag_Fra.Png
  artifactKey: Guid(89f8acf856b2e4750a7749f92f308def) Importer(815301076,1909f56bfc062723c751e8b465ee728b)
Start importing Assets/Plugins/GUI PRO Kit - Casual Game/ResourcesData/Sprite/Demo/Demo_CountryFlag/Icon_Flag_Fra.Png using Guid(89f8acf856b2e4750a7749f92f308def) Importer(815301076,1909f56bfc062723c751e8b465ee728b) [PhysX] Initialized MultithreadedTaskDispatcher with 16 workers.
[PhysX] Initialized MultithreadedTaskDispatcher with 16 workers.
 -> (artifact id: 'bdbc4fb8189e544da3873e238401b255') in 0.026642 seconds
Number of updated asset objects reloaded before import = 0
Number of asset objects unloaded after import = 3
========================================================================
Received Import Request.
  Time since last request: 0.000034 seconds.
  path: Assets/Plugins/GUI PRO Kit - Casual Game/ResourcesData/Sprite/Demo/Demo_CountryFlag/Icon_Flag_Prt.Png
  artifactKey: Guid(2853eeb452a754777b2f240d217c9535) Importer(815301076,1909f56bfc062723c751e8b465ee728b)
Start importing Assets/Plugins/GUI PRO Kit - Casual Game/ResourcesData/Sprite/Demo/Demo_CountryFlag/Icon_Flag_Prt.Png using Guid(2853eeb452a754777b2f240d217c9535) Importer(815301076,1909f56bfc062723c751e8b465ee728b) [PhysX] Initialized MultithreadedTaskDispatcher with 16 workers.
[PhysX] Initialized MultithreadedTaskDispatcher with 16 workers.
 -> (artifact id: '0c783b90baf348ea3ad089ad4b5af0d4') in 0.024742 seconds
Number of updated asset objects reloaded before import = 0
Number of asset objects unloaded after import = 3
========================================================================
Received Import Request.
  Time since last request: 0.000039 seconds.
  path: Assets/Plugins/GUI PRO Kit - Casual Game/ResourcesData/Sprite/Demo/Demo_Icon_ItemIcons(Original)/Icon_Gem01_Blue.Png
  artifactKey: Guid(cb834c0309fc54c7f88b7aa05f1f899e) Importer(815301076,1909f56bfc062723c751e8b465ee728b)
Start importing Assets/Plugins/GUI PRO Kit - Casual Game/ResourcesData/Sprite/Demo/Demo_Icon_ItemIcons(Original)/Icon_Gem01_Blue.Png using Guid(cb834c0309fc54c7f88b7aa05f1f899e) Importer(815301076,1909f56bfc062723c751e8b465ee728b) [PhysX] Initialized MultithreadedTaskDispatcher with 16 workers.
[PhysX] Initialized MultithreadedTaskDispatcher with 16 workers.
 -> (artifact id: '8f2979e6931ac4e2e7bd6f664341e5e6') in 0.023863 seconds
Number of updated asset objects reloaded before import = 0
Number of asset objects unloaded after import = 3
========================================================================
Received Import Request.
  Time since last request: 0.000030 seconds.
  path: Assets/Plugins/GUI PRO Kit - Casual Game/ResourcesData/Sprite/Demo/Demo_Icon_ItemIcons(Original)/Icon_Gem02_Hexagon_Blue.Png
  artifactKey: Guid(b7f3c32c855a846c5bb5d8c57de050fd) Importer(815301076,1909f56bfc062723c751e8b465ee728b)
Start importing Assets/Plugins/GUI PRO Kit - Casual Game/ResourcesData/Sprite/Demo/Demo_Icon_ItemIcons(Original)/Icon_Gem02_Hexagon_Blue.Png using Guid(b7f3c32c855a846c5bb5d8c57de050fd) Importer(815301076,1909f56bfc062723c751e8b465ee728b) [PhysX] Initialized MultithreadedTaskDispatcher with 16 workers.
[PhysX] Initialized MultithreadedTaskDispatcher with 16 workers.
 -> (artifact id: '24eb45c53b85f1679bab123e5c34c8bf') in 0.023647 seconds
Number of updated asset objects reloaded before import = 0
Number of asset objects unloaded after import = 3
========================================================================
Received Import Request.
  Time since last request: 0.000026 seconds.
  path: Assets/Plugins/GUI PRO Kit - Casual Game/ResourcesData/Sprite/Demo/Demo_Icon_ItemIcons(Original)/Icon_Gem04_Octagon_Red.Png
  artifactKey: Guid(e43f69d3dd5fc41e69095efdb02ef031) Importer(815301076,1909f56bfc062723c751e8b465ee728b)
Start importing Assets/Plugins/GUI PRO Kit - Casual Game/ResourcesData/Sprite/Demo/Demo_Icon_ItemIcons(Original)/Icon_Gem04_Octagon_Red.Png using Guid(e43f69d3dd5fc41e69095efdb02ef031) Importer(815301076,1909f56bfc062723c751e8b465ee728b) [PhysX] Initialized MultithreadedTaskDispatcher with 16 workers.
[PhysX] Initialized MultithreadedTaskDispatcher with 16 workers.
 -> (artifact id: 'b1bf476947fb654d03cbbf0a88a4307e') in 0.022961 seconds
Number of updated asset objects reloaded before import = 0
Number of asset objects unloaded after import = 3
========================================================================
Received Import Request.
  Time since last request: 0.000029 seconds.
  path: Assets/Plugins/GUI PRO Kit - Casual Game/ResourcesData/Sprite/Demo/Demo_CountryFlag/Icon_Flag_Tha.Png
  artifactKey: Guid(eaf63cd96c8104f589aa2541a206a5f1) Importer(815301076,1909f56bfc062723c751e8b465ee728b)
Start importing Assets/Plugins/GUI PRO Kit - Casual Game/ResourcesData/Sprite/Demo/Demo_CountryFlag/Icon_Flag_Tha.Png using Guid(eaf63cd96c8104f589aa2541a206a5f1) Importer(815301076,1909f56bfc062723c751e8b465ee728b) [PhysX] Initialized MultithreadedTaskDispatcher with 16 workers.
[PhysX] Initialized MultithreadedTaskDispatcher with 16 workers.
 -> (artifact id: 'c972793a27fd1229c7a4ea3d39913069') in 0.046257 seconds
Number of updated asset objects reloaded before import = 0
Number of asset objects unloaded after import = 3
========================================================================
Received Import Request.
  Time since last request: 0.000038 seconds.
  path: Assets/Plugins/GUI PRO Kit - Casual Game/ResourcesData/Sprite/Demo/Demo_CountryFlag/Icon_Flag_Jpn.Png
  artifactKey: Guid(00fc846610b024ecf9b6d9b497cbe286) Importer(815301076,1909f56bfc062723c751e8b465ee728b)
Start importing Assets/Plugins/GUI PRO Kit - Casual Game/ResourcesData/Sprite/Demo/Demo_CountryFlag/Icon_Flag_Jpn.Png using Guid(00fc846610b024ecf9b6d9b497cbe286) Importer(815301076,1909f56bfc062723c751e8b465ee728b) [PhysX] Initialized MultithreadedTaskDispatcher with 16 workers.
[PhysX] Initialized MultithreadedTaskDispatcher with 16 workers.
 -> (artifact id: '065f02a63df9dce27f9ffe55f4e38f6b') in 0.028421 seconds
Number of updated asset objects reloaded before import = 0
Number of asset objects unloaded after import = 3
========================================================================
Received Import Request.
  Time since last request: 0.000055 seconds.
  path: Assets/Plugins/GUI PRO Kit - Casual Game/ResourcesData/Sprite/Demo/Demo_CountryFlag/Icon_Flag_Rus.Png
  artifactKey: Guid(bdda05755eb8e4de788e752fda668fc7) Importer(815301076,1909f56bfc062723c751e8b465ee728b)
Start importing Assets/Plugins/GUI PRO Kit - Casual Game/ResourcesData/Sprite/Demo/Demo_CountryFlag/Icon_Flag_Rus.Png using Guid(bdda05755eb8e4de788e752fda668fc7) Importer(815301076,1909f56bfc062723c751e8b465ee728b) [PhysX] Initialized MultithreadedTaskDispatcher with 16 workers.
[PhysX] Initialized MultithreadedTaskDispatcher with 16 workers.
 -> (artifact id: '30cf5b0a779f07e1b9fbbf78b2ee2c09') in 0.023050 seconds
Number of updated asset objects reloaded before import = 0
Number of asset objects unloaded after import = 3
========================================================================
Received Import Request.
  Time since last request: 0.000022 seconds.
  path: Assets/Plugins/GUI PRO Kit - Casual Game/ResourcesData/Sprite/Demo/Demo_CountryFlag/Icon_Flag_Twn.Png
  artifactKey: Guid(285b5c9e33c7e42fe87593e02aac301a) Importer(815301076,1909f56bfc062723c751e8b465ee728b)
Start importing Assets/Plugins/GUI PRO Kit - Casual Game/ResourcesData/Sprite/Demo/Demo_CountryFlag/Icon_Flag_Twn.Png using Guid(285b5c9e33c7e42fe87593e02aac301a) Importer(815301076,1909f56bfc062723c751e8b465ee728b) [PhysX] Initialized MultithreadedTaskDispatcher with 16 workers.
[PhysX] Initialized MultithreadedTaskDispatcher with 16 workers.
 -> (artifact id: '6811d46d0dbdf6d3d764b899744edb82') in 0.022104 seconds
Number of updated asset objects reloaded before import = 0
Number of asset objects unloaded after import = 3
========================================================================
Received Import Request.
  Time since last request: 0.000036 seconds.
  path: Assets/Plugins/GUI PRO Kit - Casual Game/ResourcesData/Sprite/Demo/Demo_Icon_ItemIcons(Original)/Icon_Gem02_Hexagon_Purple.Png
  artifactKey: Guid(d363c86f558114e2f97ec9fb6a23bf08) Importer(815301076,1909f56bfc062723c751e8b465ee728b)
Start importing Assets/Plugins/GUI PRO Kit - Casual Game/ResourcesData/Sprite/Demo/Demo_Icon_ItemIcons(Original)/Icon_Gem02_Hexagon_Purple.Png using Guid(d363c86f558114e2f97ec9fb6a23bf08) Importer(815301076,1909f56bfc062723c751e8b465ee728b) [PhysX] Initialized MultithreadedTaskDispatcher with 16 workers.
[PhysX] Initialized MultithreadedTaskDispatcher with 16 workers.
 -> (artifact id: '9247625f1445ed30bac634dd0a8ef508') in 0.021143 seconds
Number of updated asset objects reloaded before import = 0
Number of asset objects unloaded after import = 3
========================================================================
Received Import Request.
  Time since last request: 0.234590 seconds.
  path: Assets/Plugins/GUI PRO Kit - Casual Game/ResourcesData/Sprite/Demo/Demo_Icon_ItemIcons(Original)/Icon_Gold.Png
  artifactKey: Guid(3fb23bf6552b44aafb168ed0584e1641) Importer(815301076,1909f56bfc062723c751e8b465ee728b)
Start importing Assets/Plugins/GUI PRO Kit - Casual Game/ResourcesData/Sprite/Demo/Demo_Icon_ItemIcons(Original)/Icon_Gold.Png using Guid(3fb23bf6552b44aafb168ed0584e1641) Importer(815301076,1909f56bfc062723c751e8b465ee728b) [PhysX] Initialized MultithreadedTaskDispatcher with 16 workers.
[PhysX] Initialized MultithreadedTaskDispatcher with 16 workers.
 -> (artifact id: '76fd272fdbaf102b5bc4561d7d701db0') in 0.025682 seconds
Number of updated asset objects reloaded before import = 0
Number of asset objects unloaded after import = 3
========================================================================
Received Import Request.
  Time since last request: 0.000026 seconds.
  path: Assets/Plugins/GUI PRO Kit - Casual Game/ResourcesData/Sprite/Demo/Demo_Icon_ItemIcons(Original)/Icon_Guild.Png
  artifactKey: Guid(a7b00adce113f4ed785fa92de2bd4565) Importer(815301076,1909f56bfc062723c751e8b465ee728b)
Start importing Assets/Plugins/GUI PRO Kit - Casual Game/ResourcesData/Sprite/Demo/Demo_Icon_ItemIcons(Original)/Icon_Guild.Png using Guid(a7b00adce113f4ed785fa92de2bd4565) Importer(815301076,1909f56bfc062723c751e8b465ee728b) [PhysX] Initialized MultithreadedTaskDispatcher with 16 workers.
[PhysX] Initialized MultithreadedTaskDispatcher with 16 workers.
 -> (artifact id: '8dcf5005d3df317e431e387d05a0be4d') in 0.023015 seconds
Number of updated asset objects reloaded before import = 0
Number of asset objects unloaded after import = 3
========================================================================
Received Import Request.
  Time since last request: 0.000030 seconds.
  path: Assets/Plugins/GUI PRO Kit - Casual Game/ResourcesData/Sprite/Demo/Demo_Icon/Icon_ImageIcon_Ad_00_l.png
  artifactKey: Guid(d535ffb65bf754dda95c3181d7389600) Importer(815301076,1909f56bfc062723c751e8b465ee728b)
Start importing Assets/Plugins/GUI PRO Kit - Casual Game/ResourcesData/Sprite/Demo/Demo_Icon/Icon_ImageIcon_Ad_00_l.png using Guid(d535ffb65bf754dda95c3181d7389600) Importer(815301076,1909f56bfc062723c751e8b465ee728b) [PhysX] Initialized MultithreadedTaskDispatcher with 16 workers.
[PhysX] Initialized MultithreadedTaskDispatcher with 16 workers.
 -> (artifact id: '60cad09970198ec05cac94fecb62faca') in 0.025967 seconds
Number of updated asset objects reloaded before import = 0
Number of asset objects unloaded after import = 3
========================================================================
Received Import Request.
  Time since last request: 0.000037 seconds.
  path: Assets/Plugins/GUI PRO Kit - Casual Game/ResourcesData/Sprite/Demo/Demo_Icon/Icon_ImageIcon_Ad_01_l.png
  artifactKey: Guid(1b9a69ddb68bb4606aedc6798ba0c29c) Importer(815301076,1909f56bfc062723c751e8b465ee728b)
Start importing Assets/Plugins/GUI PRO Kit - Casual Game/ResourcesData/Sprite/Demo/Demo_Icon/Icon_ImageIcon_Ad_01_l.png using Guid(1b9a69ddb68bb4606aedc6798ba0c29c) Importer(815301076,1909f56bfc062723c751e8b465ee728b) [PhysX] Initialized MultithreadedTaskDispatcher with 16 workers.
[PhysX] Initialized MultithreadedTaskDispatcher with 16 workers.
 -> (artifact id: 'fef74487d3d326ab2b8d0dccdbd77bb7') in 0.022448 seconds
Number of updated asset objects reloaded before import = 0
Number of asset objects unloaded after import = 3
========================================================================
Received Import Request.
  Time since last request: 0.000048 seconds.
  path: Assets/Plugins/GUI PRO Kit - Casual Game/ResourcesData/Sprite/Demo/Demo_Icon/Icon_ImageIcon_Badge.png
  artifactKey: Guid(f05ffdff22a41408e9d58882eb432c43) Importer(815301076,1909f56bfc062723c751e8b465ee728b)
Start importing Assets/Plugins/GUI PRO Kit - Casual Game/ResourcesData/Sprite/Demo/Demo_Icon/Icon_ImageIcon_Badge.png using Guid(f05ffdff22a41408e9d58882eb432c43) Importer(815301076,1909f56bfc062723c751e8b465ee728b) [PhysX] Initialized MultithreadedTaskDispatcher with 16 workers.
[PhysX] Initialized MultithreadedTaskDispatcher with 16 workers.
 -> (artifact id: '754de978b41acb90335ee01098cfa433') in 0.021302 seconds
Number of updated asset objects reloaded before import = 0
Number of asset objects unloaded after import = 3
========================================================================
Received Import Request.
  Time since last request: 0.000028 seconds.
  path: Assets/Plugins/GUI PRO Kit - Casual Game/ResourcesData/Sprite/Demo/Demo_Icon/Icon_ImageIcon_Emoji.png
  artifactKey: Guid(41d4323f253da4231926d204a4916fc0) Importer(815301076,1909f56bfc062723c751e8b465ee728b)
Start importing Assets/Plugins/GUI PRO Kit - Casual Game/ResourcesData/Sprite/Demo/Demo_Icon/Icon_ImageIcon_Emoji.png using Guid(41d4323f253da4231926d204a4916fc0) Importer(815301076,1909f56bfc062723c751e8b465ee728b) [PhysX] Initialized MultithreadedTaskDispatcher with 16 workers.
[PhysX] Initialized MultithreadedTaskDispatcher with 16 workers.
 -> (artifact id: '806a51f21ca971d5f46cbc51ba3a4236') in 0.019121 seconds
Number of updated asset objects reloaded before import = 0
Number of asset objects unloaded after import = 3
========================================================================
Received Import Request.
  Time since last request: 0.000022 seconds.
  path: Assets/Plugins/GUI PRO Kit - Casual Game/ResourcesData/Sprite/Demo/Demo_Icon/Icon_ImageIcon_Crown_Gold.Png
  artifactKey: Guid(28fd0a3651a7643aca00d93bcc0e4105) Importer(815301076,1909f56bfc062723c751e8b465ee728b)
Start importing Assets/Plugins/GUI PRO Kit - Casual Game/ResourcesData/Sprite/Demo/Demo_Icon/Icon_ImageIcon_Crown_Gold.Png using Guid(28fd0a3651a7643aca00d93bcc0e4105) Importer(815301076,1909f56bfc062723c751e8b465ee728b) [PhysX] Initialized MultithreadedTaskDispatcher with 16 workers.
[PhysX] Initialized MultithreadedTaskDispatcher with 16 workers.
 -> (artifact id: '94293c64848d66c1eee2285242374d95') in 0.021813 seconds
Number of updated asset objects reloaded before import = 0
Number of asset objects unloaded after import = 3
========================================================================
Received Import Request.
  Time since last request: 0.000023 seconds.
  path: Assets/Plugins/GUI PRO Kit - Casual Game/ResourcesData/Sprite/Demo/Demo_Icon/Icon_ImageIcon_GemGold.png
  artifactKey: Guid(cf218fd3f78cc4191bdf56c712995893) Importer(815301076,1909f56bfc062723c751e8b465ee728b)
Start importing Assets/Plugins/GUI PRO Kit - Casual Game/ResourcesData/Sprite/Demo/Demo_Icon/Icon_ImageIcon_GemGold.png using Guid(cf218fd3f78cc4191bdf56c712995893) Importer(815301076,1909f56bfc062723c751e8b465ee728b) [PhysX] Initialized MultithreadedTaskDispatcher with 16 workers.
[PhysX] Initialized MultithreadedTaskDispatcher with 16 workers.
 -> (artifact id: '9f73af317fe4e99318618c841d0f840f') in 0.020886 seconds
Number of updated asset objects reloaded before import = 0
Number of asset objects unloaded after import = 3
========================================================================
Received Import Request.
  Time since last request: 0.000019 seconds.
  path: Assets/Plugins/GUI PRO Kit - Casual Game/ResourcesData/Sprite/Demo/Demo_Icon/Icon_ImageIcon_Knife_Battle.png
  artifactKey: Guid(455d317bd36c5444483f77940660f34b) Importer(815301076,1909f56bfc062723c751e8b465ee728b)
Start importing Assets/Plugins/GUI PRO Kit - Casual Game/ResourcesData/Sprite/Demo/Demo_Icon/Icon_ImageIcon_Knife_Battle.png using Guid(455d317bd36c5444483f77940660f34b) Importer(815301076,1909f56bfc062723c751e8b465ee728b) [PhysX] Initialized MultithreadedTaskDispatcher with 16 workers.
[PhysX] Initialized MultithreadedTaskDispatcher with 16 workers.
 -> (artifact id: '1be70799effdad34aca242a337b3e68a') in 0.022097 seconds
Number of updated asset objects reloaded before import = 0
Number of asset objects unloaded after import = 3
========================================================================
Received Import Request.
  Time since last request: 0.000083 seconds.
  path: Assets/Plugins/GUI PRO Kit - Casual Game/ResourcesData/Sprite/Demo/Demo_Icon/Icon_ImageIcon_Glod02.png
  artifactKey: Guid(68c6dd55fbff84c598bad2cd9fa46a66) Importer(815301076,1909f56bfc062723c751e8b465ee728b)
Start importing Assets/Plugins/GUI PRO Kit - Casual Game/ResourcesData/Sprite/Demo/Demo_Icon/Icon_ImageIcon_Glod02.png using Guid(68c6dd55fbff84c598bad2cd9fa46a66) Importer(815301076,1909f56bfc062723c751e8b465ee728b) [PhysX] Initialized MultithreadedTaskDispatcher with 16 workers.
[PhysX] Initialized MultithreadedTaskDispatcher with 16 workers.
 -> (artifact id: 'a9e9d99cd63028cba7e4763ca199c205') in 0.023363 seconds
Number of updated asset objects reloaded before import = 0
Number of asset objects unloaded after import = 3
========================================================================
Received Import Request.
  Time since last request: 0.000023 seconds.
  path: Assets/Plugins/GUI PRO Kit - Casual Game/ResourcesData/Sprite/Demo/Demo_Icon/Icon_ImageIcon_Gem01_l.png
  artifactKey: Guid(7b6827dc950bb48278ef822641f23849) Importer(815301076,1909f56bfc062723c751e8b465ee728b)
Start importing Assets/Plugins/GUI PRO Kit - Casual Game/ResourcesData/Sprite/Demo/Demo_Icon/Icon_ImageIcon_Gem01_l.png using Guid(7b6827dc950bb48278ef822641f23849) Importer(815301076,1909f56bfc062723c751e8b465ee728b) [PhysX] Initialized MultithreadedTaskDispatcher with 16 workers.
[PhysX] Initialized MultithreadedTaskDispatcher with 16 workers.
 -> (artifact id: '8d353009abdce3a1fc9c54885368fec3') in 0.022599 seconds
Number of updated asset objects reloaded before import = 0
Number of asset objects unloaded after import = 3
========================================================================
Received Import Request.
  Time since last request: 0.000024 seconds.
  path: Assets/Plugins/GUI PRO Kit - Casual Game/ResourcesData/Sprite/Demo/Demo_Icon/Icon_ImageIcon_lock_00.png
  artifactKey: Guid(49f8508f3726d4d2f927f0b6f5cef714) Importer(815301076,1909f56bfc062723c751e8b465ee728b)
Start importing Assets/Plugins/GUI PRO Kit - Casual Game/ResourcesData/Sprite/Demo/Demo_Icon/Icon_ImageIcon_lock_00.png using Guid(49f8508f3726d4d2f927f0b6f5cef714) Importer(815301076,1909f56bfc062723c751e8b465ee728b) [PhysX] Initialized MultithreadedTaskDispatcher with 16 workers.
[PhysX] Initialized MultithreadedTaskDispatcher with 16 workers.
 -> (artifact id: '75a4f95d122b6fd03ad2a6ed27fca541') in 0.022977 seconds
Number of updated asset objects reloaded before import = 0
Number of asset objects unloaded after import = 3
========================================================================
Received Import Request.
  Time since last request: 0.000028 seconds.
  path: Assets/Plugins/GUI PRO Kit - Casual Game/ResourcesData/Sprite/Demo/Demo_Icon/Icon_ImageIcon_Gem02.png
  artifactKey: Guid(b1828344950094c028b4c66517312534) Importer(815301076,1909f56bfc062723c751e8b465ee728b)
Start importing Assets/Plugins/GUI PRO Kit - Casual Game/ResourcesData/Sprite/Demo/Demo_Icon/Icon_ImageIcon_Gem02.png using Guid(b1828344950094c028b4c66517312534) Importer(815301076,1909f56bfc062723c751e8b465ee728b) [PhysX] Initialized MultithreadedTaskDispatcher with 16 workers.
[PhysX] Initialized MultithreadedTaskDispatcher with 16 workers.
 -> (artifact id: 'd9b0bdf8801e00d671582a8fdcacc035') in 0.026011 seconds
Number of updated asset objects reloaded before import = 0
Number of asset objects unloaded after import = 3
========================================================================
Received Import Request.
  Time since last request: 0.000058 seconds.
  path: Assets/Plugins/GUI PRO Kit - Casual Game/ResourcesData/Sprite/Demo/Demo_Icon/Icon_ImageIcon_Lock02_btn.png
  artifactKey: Guid(731174dcff3364014a256e41c25e8244) Importer(815301076,1909f56bfc062723c751e8b465ee728b)
Start importing Assets/Plugins/GUI PRO Kit - Casual Game/ResourcesData/Sprite/Demo/Demo_Icon/Icon_ImageIcon_Lock02_btn.png using Guid(731174dcff3364014a256e41c25e8244) Importer(815301076,1909f56bfc062723c751e8b465ee728b) [PhysX] Initialized MultithreadedTaskDispatcher with 16 workers.
[PhysX] Initialized MultithreadedTaskDispatcher with 16 workers.
 -> (artifact id: '995c5366de95aa72e0372723418485f7') in 0.025025 seconds
Number of updated asset objects reloaded before import = 0
Number of asset objects unloaded after import = 3
========================================================================
Received Import Request.
  Time since last request: 0.926797 seconds.
  path: Assets/Plugins/GUI PRO Kit - Casual Game/ResourcesData/Sprite/Demo/Demo_Icon/Icon_ImageIcon_Medal_Bronze.png
  artifactKey: Guid(bfd61c98d74144657b1aa56db3fd048a) Importer(815301076,1909f56bfc062723c751e8b465ee728b)
Start importing Assets/Plugins/GUI PRO Kit - Casual Game/ResourcesData/Sprite/Demo/Demo_Icon/Icon_ImageIcon_Medal_Bronze.png using Guid(bfd61c98d74144657b1aa56db3fd048a) Importer(815301076,1909f56bfc062723c751e8b465ee728b) [PhysX] Initialized MultithreadedTaskDispatcher with 16 workers.
[PhysX] Initialized MultithreadedTaskDispatcher with 16 workers.
 -> (artifact id: '465b973b2ce434472ff44f095fec6e71') in 0.023115 seconds
Number of updated asset objects reloaded before import = 0
Number of asset objects unloaded after import = 3
========================================================================
Received Import Request.
  Time since last request: 0.000028 seconds.
  path: Assets/Plugins/GUI PRO Kit - Casual Game/ResourcesData/Sprite/Demo/Demo_Icon/Icon_ImageIcon_Pass_Normal.png
  artifactKey: Guid(115c4f46eb9974054913829ac1bcabec) Importer(815301076,1909f56bfc062723c751e8b465ee728b)
Start importing Assets/Plugins/GUI PRO Kit - Casual Game/ResourcesData/Sprite/Demo/Demo_Icon/Icon_ImageIcon_Pass_Normal.png using Guid(115c4f46eb9974054913829ac1bcabec) Importer(815301076,1909f56bfc062723c751e8b465ee728b) [PhysX] Initialized MultithreadedTaskDispatcher with 16 workers.
[PhysX] Initialized MultithreadedTaskDispatcher with 16 workers.
 -> (artifact id: 'ecc4447456831133bc98aef5946159c5') in 0.025062 seconds
Number of updated asset objects reloaded before import = 0
Number of asset objects unloaded after import = 3
========================================================================
Received Import Request.
  Time since last request: 0.000031 seconds.
  path: Assets/Plugins/GUI PRO Kit - Casual Game/ResourcesData/Sprite/Demo/Demo_Icon/Icon_ImageIcon_Pass03.png
  artifactKey: Guid(9cec7beffd39a4797860909be7beb519) Importer(815301076,1909f56bfc062723c751e8b465ee728b)
Start importing Assets/Plugins/GUI PRO Kit - Casual Game/ResourcesData/Sprite/Demo/Demo_Icon/Icon_ImageIcon_Pass03.png using Guid(9cec7beffd39a4797860909be7beb519) Importer(815301076,1909f56bfc062723c751e8b465ee728b) [PhysX] Initialized MultithreadedTaskDispatcher with 16 workers.
[PhysX] Initialized MultithreadedTaskDispatcher with 16 workers.
 -> (artifact id: 'a7ad8366349d6a073713373341036ca5') in 0.029658 seconds
Number of updated asset objects reloaded before import = 0
Number of asset objects unloaded after import = 3
========================================================================
Received Import Request.
  Time since last request: 0.005240 seconds.
  path: Assets/Plugins/GUI PRO Kit - Casual Game/ResourcesData/Sprite/Demo/Demo_Icon/Icon_ImageIcon_Star01_m.png
  artifactKey: Guid(53321bd88b96e44b6a22820d87584c9d) Importer(815301076,1909f56bfc062723c751e8b465ee728b)
Start importing Assets/Plugins/GUI PRO Kit - Casual Game/ResourcesData/Sprite/Demo/Demo_Icon/Icon_ImageIcon_Star01_m.png using Guid(53321bd88b96e44b6a22820d87584c9d) Importer(815301076,1909f56bfc062723c751e8b465ee728b) [PhysX] Initialized MultithreadedTaskDispatcher with 16 workers.
[PhysX] Initialized MultithreadedTaskDispatcher with 16 workers.
 -> (artifact id: 'ae107cd10203f1d46c639cf16d185f5c') in 0.025610 seconds
Number of updated asset objects reloaded before import = 0
Number of asset objects unloaded after import = 3
========================================================================
Received Import Request.
  Time since last request: 0.000027 seconds.
  path: Assets/Plugins/GUI PRO Kit - Casual Game/ResourcesData/Sprite/Demo/Demo_Icon/Icon_ImageIcon_StarGrade_s_Off.png
  artifactKey: Guid(758dfb8648edb4bf1b998174c2ecab26) Importer(815301076,1909f56bfc062723c751e8b465ee728b)
Start importing Assets/Plugins/GUI PRO Kit - Casual Game/ResourcesData/Sprite/Demo/Demo_Icon/Icon_ImageIcon_StarGrade_s_Off.png using Guid(758dfb8648edb4bf1b998174c2ecab26) Importer(815301076,1909f56bfc062723c751e8b465ee728b) [PhysX] Initialized MultithreadedTaskDispatcher with 16 workers.
[PhysX] Initialized MultithreadedTaskDispatcher with 16 workers.
 -> (artifact id: '2ce19d52277de2448f679ab479b24dbd') in 0.022192 seconds
Number of updated asset objects reloaded before import = 0
Number of asset objects unloaded after import = 3
========================================================================
Received Import Request.
  Time since last request: 0.000032 seconds.
  path: Assets/Plugins/GUI PRO Kit - Casual Game/ResourcesData/Sprite/Demo/Demo_Icon/Icon_ImageIcon_Trophy_l.png
  artifactKey: Guid(ecb1889fcd79d4365999c3f814fa913f) Importer(815301076,1909f56bfc062723c751e8b465ee728b)
Start importing Assets/Plugins/GUI PRO Kit - Casual Game/ResourcesData/Sprite/Demo/Demo_Icon/Icon_ImageIcon_Trophy_l.png using Guid(ecb1889fcd79d4365999c3f814fa913f) Importer(815301076,1909f56bfc062723c751e8b465ee728b) [PhysX] Initialized MultithreadedTaskDispatcher with 16 workers.
[PhysX] Initialized MultithreadedTaskDispatcher with 16 workers.
 -> (artifact id: '90c336b66a12c120f883d3d49980539c') in 0.023395 seconds
Number of updated asset objects reloaded before import = 0
Number of asset objects unloaded after import = 3
========================================================================
Received Import Request.
  Time since last request: 0.000027 seconds.
  path: Assets/Plugins/GUI PRO Kit - Casual Game/ResourcesData/Sprite/Demo/Demo_Icon/Icon_ImageIcon_UserThumbnail.png
  artifactKey: Guid(88214a3a666014e50aa619bf5a0c5aee) Importer(815301076,1909f56bfc062723c751e8b465ee728b)
Start importing Assets/Plugins/GUI PRO Kit - Casual Game/ResourcesData/Sprite/Demo/Demo_Icon/Icon_ImageIcon_UserThumbnail.png using Guid(88214a3a666014e50aa619bf5a0c5aee) Importer(815301076,1909f56bfc062723c751e8b465ee728b) [PhysX] Initialized MultithreadedTaskDispatcher with 16 workers.
[PhysX] Initialized MultithreadedTaskDispatcher with 16 workers.
 -> (artifact id: 'f2502a7fc06caed17564a5f86a3b13e3') in 0.024521 seconds
Number of updated asset objects reloaded before import = 0
Number of asset objects unloaded after import = 3
========================================================================
Received Import Request.
  Time since last request: 0.000018 seconds.
  path: Assets/Plugins/GUI PRO Kit - Casual Game/ResourcesData/Sprite/Demo/Demo_CountryFlag/Icon_LanguageFlag_Large_Esp.Png
  artifactKey: Guid(78352d6d5759645c79c90840e34c7b79) Importer(815301076,1909f56bfc062723c751e8b465ee728b)
Start importing Assets/Plugins/GUI PRO Kit - Casual Game/ResourcesData/Sprite/Demo/Demo_CountryFlag/Icon_LanguageFlag_Large_Esp.Png using Guid(78352d6d5759645c79c90840e34c7b79) Importer(815301076,1909f56bfc062723c751e8b465ee728b) [PhysX] Initialized MultithreadedTaskDispatcher with 16 workers.
[PhysX] Initialized MultithreadedTaskDispatcher with 16 workers.
 -> (artifact id: 'df77481ff5da418798d9391c521db1ae') in 0.021578 seconds
Number of updated asset objects reloaded before import = 0
Number of asset objects unloaded after import = 3
========================================================================
Received Import Request.
  Time since last request: 0.000035 seconds.
  path: Assets/Plugins/GUI PRO Kit - Casual Game/ResourcesData/Sprite/Demo/Demo_Icon_ItemIcons(Original)/Icon_Key_Bronze.Png
  artifactKey: Guid(a91b3bdd41b664d77b88a55ba9be7d8a) Importer(815301076,1909f56bfc062723c751e8b465ee728b)
Start importing Assets/Plugins/GUI PRO Kit - Casual Game/ResourcesData/Sprite/Demo/Demo_Icon_ItemIcons(Original)/Icon_Key_Bronze.Png using Guid(a91b3bdd41b664d77b88a55ba9be7d8a) Importer(815301076,1909f56bfc062723c751e8b465ee728b) [PhysX] Initialized MultithreadedTaskDispatcher with 16 workers.
[PhysX] Initialized MultithreadedTaskDispatcher with 16 workers.
 -> (artifact id: '7893e2172d1f4471c7714d6bdea4d48c') in 0.022995 seconds
Number of updated asset objects reloaded before import = 0
Number of asset objects unloaded after import = 3
========================================================================
Received Import Request.
  Time since last request: 0.000022 seconds.
  path: Assets/Plugins/GUI PRO Kit - Casual Game/ResourcesData/Sprite/Demo/Demo_Icon/Icon_ImageIcon_StarGrade_s_On.png
  artifactKey: Guid(479b862926e3947de8e20b85fe6f2afc) Importer(815301076,1909f56bfc062723c751e8b465ee728b)
Start importing Assets/Plugins/GUI PRO Kit - Casual Game/ResourcesData/Sprite/Demo/Demo_Icon/Icon_ImageIcon_StarGrade_s_On.png using Guid(479b862926e3947de8e20b85fe6f2afc) Importer(815301076,1909f56bfc062723c751e8b465ee728b) [PhysX] Initialized MultithreadedTaskDispatcher with 16 workers.
[PhysX] Initialized MultithreadedTaskDispatcher with 16 workers.
 -> (artifact id: 'cde53bf0a57dae90d7d643bffa0ce704') in 0.023982 seconds
Number of updated asset objects reloaded before import = 0
Number of asset objects unloaded after import = 3
========================================================================
Received Import Request.
  Time since last request: 234.011509 seconds.
  path: Assets/Plugins/GUI PRO Kit - Casual Game/Preview/LevelUp.png
  artifactKey: Guid(822050348cd1d4cfeaf59a68d8b403e6) Importer(815301076,1909f56bfc062723c751e8b465ee728b)
Start importing Assets/Plugins/GUI PRO Kit - Casual Game/Preview/LevelUp.png using Guid(822050348cd1d4cfeaf59a68d8b403e6) Importer(815301076,1909f56bfc062723c751e8b465ee728b) [PhysX] Initialized MultithreadedTaskDispatcher with 16 workers.
[PhysX] Initialized MultithreadedTaskDispatcher with 16 workers.
 -> (artifact id: '4d8e98aa532d9ab42e35c276bc50546f') in 0.045233 seconds
Number of updated asset objects reloaded before import = 0
Number of asset objects unloaded after import = 3
========================================================================
Received Import Request.
  Time since last request: 0.000045 seconds.
  path: Assets/Plugins/GUI PRO Kit - Casual Game/ResourcesData/Fonts/LilitaOne-Regular Outline 32 SDF Atlas.png
  artifactKey: Guid(24afcf316a3a944c3bf86bc27a2f93fb) Importer(815301076,1909f56bfc062723c751e8b465ee728b)
Start importing Assets/Plugins/GUI PRO Kit - Casual Game/ResourcesData/Fonts/LilitaOne-Regular Outline 32 SDF Atlas.png using Guid(24afcf316a3a944c3bf86bc27a2f93fb) Importer(815301076,1909f56bfc062723c751e8b465ee728b) [PhysX] Initialized MultithreadedTaskDispatcher with 16 workers.
[PhysX] Initialized MultithreadedTaskDispatcher with 16 workers.
 -> (artifact id: '6c56a2ddd95728aa773ba59a329b5946') in 0.024266 seconds
Number of updated asset objects reloaded before import = 0
Number of asset objects unloaded after import = 3
========================================================================
Received Import Request.
  Time since last request: 0.000031 seconds.
  path: Assets/Plugins/GUI PRO Kit - Casual Game/ResourcesData/Fonts/LilitaOne-Regular Outline_Extended ASCII_40 SDF Atlas.png
  artifactKey: Guid(b69bbc81e50d34f86a06fa187435ee02) Importer(815301076,1909f56bfc062723c751e8b465ee728b)
Start importing Assets/Plugins/GUI PRO Kit - Casual Game/ResourcesData/Fonts/LilitaOne-Regular Outline_Extended ASCII_40 SDF Atlas.png using Guid(b69bbc81e50d34f86a06fa187435ee02) Importer(815301076,1909f56bfc062723c751e8b465ee728b) [PhysX] Initialized MultithreadedTaskDispatcher with 16 workers.
[PhysX] Initialized MultithreadedTaskDispatcher with 16 workers.
 -> (artifact id: '0c6020a9aea2e60849e5093fc2a2d18d') in 0.028676 seconds
Number of updated asset objects reloaded before import = 0
Number of asset objects unloaded after import = 3
========================================================================
Received Import Request.
  Time since last request: 0.000026 seconds.
  path: Assets/Plugins/GUI PRO Kit - Casual Game/ResourcesData/Fonts/LilitaOne-Regular Outline_Extended ASCII_72 SDF Atlas.png
  artifactKey: Guid(be2c5d62ca95142e3b9dc4d4a638b2b6) Importer(815301076,1909f56bfc062723c751e8b465ee728b)
Start importing Assets/Plugins/GUI PRO Kit - Casual Game/ResourcesData/Fonts/LilitaOne-Regular Outline_Extended ASCII_72 SDF Atlas.png using Guid(be2c5d62ca95142e3b9dc4d4a638b2b6) Importer(815301076,1909f56bfc062723c751e8b465ee728b) [PhysX] Initialized MultithreadedTaskDispatcher with 16 workers.
[PhysX] Initialized MultithreadedTaskDispatcher with 16 workers.
 -> (artifact id: 'dddb9fe8280443c6bb2625923e6cdebf') in 0.048834 seconds
Number of updated asset objects reloaded before import = 0
Number of asset objects unloaded after import = 3
========================================================================
Received Import Request.
  Time since last request: 0.000031 seconds.
  path: Assets/Plugins/GUI PRO Kit - Casual Game/ResourcesData/Animatons/Loading_Bg.png
  artifactKey: Guid(bb129f0554ce5482e97e81f0688f3a7a) Importer(815301076,1909f56bfc062723c751e8b465ee728b)
Start importing Assets/Plugins/GUI PRO Kit - Casual Game/ResourcesData/Animatons/Loading_Bg.png using Guid(bb129f0554ce5482e97e81f0688f3a7a) Importer(815301076,1909f56bfc062723c751e8b465ee728b) [PhysX] Initialized MultithreadedTaskDispatcher with 16 workers.
[PhysX] Initialized MultithreadedTaskDispatcher with 16 workers.
 -> (artifact id: 'ef1b24b0693cad47e13a9cbe5ae9f549') in 0.021757 seconds
Number of updated asset objects reloaded before import = 0
Number of asset objects unloaded after import = 3
========================================================================
Received Import Request.
  Time since last request: 0.000029 seconds.
  path: Assets/Plugins/GUI PRO Kit - Casual Game/ResourcesData/Fonts/LilitaOne-Regular Outline_Extended ASCII_50 SDF Atlas.png
  artifactKey: Guid(b549307935a4b424aa346ab218ec8f47) Importer(815301076,1909f56bfc062723c751e8b465ee728b)
Start importing Assets/Plugins/GUI PRO Kit - Casual Game/ResourcesData/Fonts/LilitaOne-Regular Outline_Extended ASCII_50 SDF Atlas.png using Guid(b549307935a4b424aa346ab218ec8f47) Importer(815301076,1909f56bfc062723c751e8b465ee728b) [PhysX] Initialized MultithreadedTaskDispatcher with 16 workers.
[PhysX] Initialized MultithreadedTaskDispatcher with 16 workers.
 -> (artifact id: '7673e278b6c954c5162b2442938a8774') in 0.027114 seconds
Number of updated asset objects reloaded before import = 0
Number of asset objects unloaded after import = 3
========================================================================
Received Import Request.
  Time since last request: 0.000023 seconds.
  path: Assets/Plugins/GUI PRO Kit - Casual Game/ResourcesData/Fonts/LilitaOne-Regular Outline 64 SDF Atlas.png
  artifactKey: Guid(542168a59ebb940cc91d3c3ec1325445) Importer(815301076,1909f56bfc062723c751e8b465ee728b)
Start importing Assets/Plugins/GUI PRO Kit - Casual Game/ResourcesData/Fonts/LilitaOne-Regular Outline 64 SDF Atlas.png using Guid(542168a59ebb940cc91d3c3ec1325445) Importer(815301076,1909f56bfc062723c751e8b465ee728b) [PhysX] Initialized MultithreadedTaskDispatcher with 16 workers.
[PhysX] Initialized MultithreadedTaskDispatcher with 16 workers.
 -> (artifact id: 'ac4bbc333dd19f4caf22da943e7a603c') in 0.034429 seconds
Number of updated asset objects reloaded before import = 0
Number of asset objects unloaded after import = 3
========================================================================
Received Import Request.
  Time since last request: 0.000030 seconds.
  path: Assets/Plugins/GUI PRO Kit - Casual Game/ResourcesData/Fonts/LilitaOne-Regular Outline_Extended ASCII_64 SDF Atlas.png
  artifactKey: Guid(d454a327204cd4185bcb58aab6137a69) Importer(815301076,1909f56bfc062723c751e8b465ee728b)
Start importing Assets/Plugins/GUI PRO Kit - Casual Game/ResourcesData/Fonts/LilitaOne-Regular Outline_Extended ASCII_64 SDF Atlas.png using Guid(d454a327204cd4185bcb58aab6137a69) Importer(815301076,1909f56bfc062723c751e8b465ee728b) [PhysX] Initialized MultithreadedTaskDispatcher with 16 workers.
[PhysX] Initialized MultithreadedTaskDispatcher with 16 workers.
 -> (artifact id: 'd4793b6ba28e9d9eaa1f39204080bc3f') in 0.033646 seconds
Number of updated asset objects reloaded before import = 0
Number of asset objects unloaded after import = 3
========================================================================
Received Import Request.
  Time since last request: 0.000033 seconds.
  path: Assets/Plugins/GUI PRO Kit - Casual Game/ResourcesData/Fonts/LilitaOne-Regular Outline 40 SDF Atlas.png
  artifactKey: Guid(aa9fdc7ac23d342798922793111065d0) Importer(815301076,1909f56bfc062723c751e8b465ee728b)
Start importing Assets/Plugins/GUI PRO Kit - Casual Game/ResourcesData/Fonts/LilitaOne-Regular Outline 40 SDF Atlas.png using Guid(aa9fdc7ac23d342798922793111065d0) Importer(815301076,1909f56bfc062723c751e8b465ee728b) [PhysX] Initialized MultithreadedTaskDispatcher with 16 workers.
[PhysX] Initialized MultithreadedTaskDispatcher with 16 workers.
 -> (artifact id: '2091dfb027d11eb6dad117c14badc85d') in 0.026662 seconds
Number of updated asset objects reloaded before import = 0
Number of asset objects unloaded after import = 3
========================================================================
Received Import Request.
  Time since last request: 0.000025 seconds.
  path: Assets/Plugins/GUI PRO Kit - Casual Game/Preview/Lobby.png
  artifactKey: Guid(52270453683f546bcafb637f0b63d793) Importer(815301076,1909f56bfc062723c751e8b465ee728b)
Start importing Assets/Plugins/GUI PRO Kit - Casual Game/Preview/Lobby.png using Guid(52270453683f546bcafb637f0b63d793) Importer(815301076,1909f56bfc062723c751e8b465ee728b) [PhysX] Initialized MultithreadedTaskDispatcher with 16 workers.
[PhysX] Initialized MultithreadedTaskDispatcher with 16 workers.
 -> (artifact id: '5bcc94b6acb901006b51b8ea2a21124a') in 0.033320 seconds
Number of updated asset objects reloaded before import = 0
Number of asset objects unloaded after import = 3
========================================================================
Received Import Request.
  Time since last request: 0.000036 seconds.
  path: Assets/Plugins/GUI PRO Kit - Casual Game/ResourcesData/Fonts/LilitaOne-Regular Outline 120 SDF Atlas.png
  artifactKey: Guid(f4318018eb26b46dd83e7f4c0bfb4a9a) Importer(815301076,1909f56bfc062723c751e8b465ee728b)
Start importing Assets/Plugins/GUI PRO Kit - Casual Game/ResourcesData/Fonts/LilitaOne-Regular Outline 120 SDF Atlas.png using Guid(f4318018eb26b46dd83e7f4c0bfb4a9a) Importer(815301076,1909f56bfc062723c751e8b465ee728b) [PhysX] Initialized MultithreadedTaskDispatcher with 16 workers.
[PhysX] Initialized MultithreadedTaskDispatcher with 16 workers.
 -> (artifact id: 'ccb3d3d694489d0fe3aea09d163c9870') in 0.034780 seconds
Number of updated asset objects reloaded before import = 0
Number of asset objects unloaded after import = 3
========================================================================
Received Import Request.
  Time since last request: 0.000030 seconds.
  path: Assets/Plugins/GUI PRO Kit - Casual Game/ResourcesData/Fonts/LilitaOne-Regular Outline_Extended ASCII_32 SDF Atlas.png
  artifactKey: Guid(4b1d1d44f277248ae92feb4eb833a4d4) Importer(815301076,1909f56bfc062723c751e8b465ee728b)
Start importing Assets/Plugins/GUI PRO Kit - Casual Game/ResourcesData/Fonts/LilitaOne-Regular Outline_Extended ASCII_32 SDF Atlas.png using Guid(4b1d1d44f277248ae92feb4eb833a4d4) Importer(815301076,1909f56bfc062723c751e8b465ee728b) [PhysX] Initialized MultithreadedTaskDispatcher with 16 workers.
[PhysX] Initialized MultithreadedTaskDispatcher with 16 workers.
 -> (artifact id: 'a85257c701c550ec5882a3566c3a255a') in 0.032617 seconds
Number of updated asset objects reloaded before import = 0
Number of asset objects unloaded after import = 3
========================================================================
Received Import Request.
  Time since last request: 0.000038 seconds.
  path: Assets/Plugins/GUI PRO Kit - Casual Game/Preview/LockScreen.png
  artifactKey: Guid(596aa5d20718d46c0af912a92d45f73d) Importer(815301076,1909f56bfc062723c751e8b465ee728b)
Start importing Assets/Plugins/GUI PRO Kit - Casual Game/Preview/LockScreen.png using Guid(596aa5d20718d46c0af912a92d45f73d) Importer(815301076,1909f56bfc062723c751e8b465ee728b) [PhysX] Initialized MultithreadedTaskDispatcher with 16 workers.
[PhysX] Initialized MultithreadedTaskDispatcher with 16 workers.
 -> (artifact id: '60e46fe8d2e24ca2256bc488e1d5b6a3') in 0.029425 seconds
Number of updated asset objects reloaded before import = 0
Number of asset objects unloaded after import = 3
Editor requested this worker to shutdown with reason: Scaling down because of idle timeout
TcpMessagingSession - receive error: operation aborted. errorcode: 995, details: Bir i parac k veya bir uygulama istei nedeniyle G/ ilemi iptal edildi.
AssetImportWorker is now disconnected from the server
Process exiting
Exiting without the bug reporter. Application will terminate with return code 0